2019-05-11 19:23:14 INFO  vTiger:65 - URL opened
2019-05-11 19:24:09 INFO  vTiger:65 - URL opened
2019-05-11 19:24:58 INFO  vTiger:65 - URL opened
2019-05-11 19:25:34 INFO  vTiger:65 - URL opened
2019-05-11 19:25:49 INFO  vTiger:65 - successfully logged in
2019-05-11 19:25:49 INFO  vTiger:65 - login failed
2019-05-11 19:30:58 INFO  vTiger:65 - URL opened
2019-05-11 19:31:01 INFO  vTiger:65 - successfully logged in
2019-05-11 19:31:01 INFO  vTiger:65 - login failed
2019-05-11 19:46:01 INFO  vTiger:65 - URL opened
2019-05-11 19:46:03 INFO  vTiger:65 - successfully logged in
2019-05-11 19:46:04 INFO  vTiger:65 - Screenshot taken
2019-05-11 19:46:04 INFO  vTiger:65 - login failed
2019-05-11 19:47:27 INFO  vTiger:65 - URL opened
2019-05-11 19:47:29 INFO  vTiger:65 - successfully logged in
2019-05-11 19:47:30 INFO  vTiger:65 - Screenshot taken
2019-05-11 19:47:30 INFO  vTiger:65 - login failed
2019-05-11 19:57:44 INFO  vTiger:65 - URL opened
2019-05-11 19:57:47 INFO  vTiger:65 - successfully logged in
2019-05-11 19:57:47 INFO  vTiger:65 - Screenshot taken
2019-05-11 19:57:47 INFO  vTiger:65 - login failed
2019-05-11 20:00:10 INFO  vTiger:65 - URL opened
2019-05-11 20:00:13 INFO  vTiger:65 - successfully logged in
2019-05-11 20:00:14 INFO  vTiger:65 - Screenshot taken
2019-05-11 20:05:14 INFO  vTiger:65 - URL opened
2019-05-11 20:05:17 INFO  vTiger:65 - successfully logged in
2019-05-11 20:05:17 INFO  vTiger:65 - Screenshot taken
2019-05-11 20:10:26 INFO  vTiger:65 - URL opened
2019-05-11 20:10:30 INFO  vTiger:65 - successfully logged in
2019-05-11 20:10:30 INFO  vTiger:65 - Screenshot taken
2019-05-11 20:11:44 INFO  vTiger:65 - URL opened
2019-05-11 20:11:46 INFO  vTiger:65 - successfully logged in
2019-05-11 20:11:47 INFO  vTiger:65 - Screenshot taken
2019-05-11 20:17:58 INFO  vTiger:65 - URL opened
2019-05-11 20:18:00 INFO  vTiger:65 - successfully logged in
2019-05-11 20:18:01 INFO  vTiger:65 - Screenshot taken
2019-05-15 15:09:24 INFO  vTiger:65 - URL opened
2019-05-15 15:09:27 INFO  vTiger:65 - successfully logged in
2019-05-15 15:09:27 INFO  vTiger:65 - Screenshot taken
2019-05-15 15:09:27 INFO  vTiger:65 - login failed
2019-05-15 15:47:06 INFO  vTiger:65 - URL opened
2019-05-15 15:47:08 INFO  vTiger:65 - successfully logged in
2019-05-15 15:47:09 INFO  vTiger:65 - Screenshot taken
2019-05-15 15:47:09 INFO  vTiger:65 - login failed
2019-05-15 15:47:09 INFO  vTiger:65 - URL opened
2019-05-15 16:34:08 INFO  vTiger:65 - URL opened
2019-05-15 16:34:10 INFO  vTiger:65 - successfully logged in
2019-05-15 16:34:13 INFO  vTiger:65 - URL opened
2019-05-15 16:34:15 INFO  vTiger:65 - successfully logged in
2019-05-15 17:27:15 INFO  vTiger:65 - URL opened
2019-05-15 17:27:17 INFO  vTiger:65 - successfully logged in
2019-05-15 17:27:20 INFO  vTiger:65 - URL opened
2019-05-15 17:27:22 INFO  vTiger:65 - successfully logged in
2019-05-15 17:29:29 INFO  vTiger:65 - URL opened
2019-05-15 17:29:35 INFO  vTiger:65 - successfully logged in
2019-05-15 17:32:02 INFO  vTiger:65 - URL opened
2019-05-15 17:32:05 INFO  vTiger:65 - successfully logged in
2019-05-15 17:35:33 INFO  vTiger:65 - URL opened
2019-05-15 17:35:36 INFO  vTiger:65 - successfully logged in
2019-05-15 17:37:40 INFO  vTiger:65 - URL opened
2019-05-15 17:37:42 INFO  vTiger:65 - successfully logged in
2019-05-15 17:41:28 INFO  vTiger:65 - URL opened
2019-05-15 17:41:30 INFO  vTiger:65 - successfully logged in
2019-05-15 17:42:58 INFO  vTiger:65 - URL opened
2019-05-15 17:43:01 INFO  vTiger:65 - successfully logged in
2019-05-15 17:46:20 INFO  vTiger:65 - URL opened
2019-05-15 17:46:22 INFO  vTiger:65 - successfully logged in
2019-05-15 17:47:10 INFO  vTiger:65 - URL opened
2019-05-15 17:47:12 INFO  vTiger:65 - successfully logged in
2019-05-15 17:49:32 INFO  vTiger:65 - URL opened
2019-05-15 17:49:34 INFO  vTiger:65 - successfully logged in
2019-05-15 17:50:06 INFO  vTiger:65 - URL opened
2019-05-15 17:50:08 INFO  vTiger:65 - successfully logged in
2019-05-15 17:51:19 INFO  vTiger:65 - URL opened
2019-05-15 17:51:22 INFO  vTiger:65 - successfully logged in
2019-05-15 17:51:22 INFO  vTiger:65 - Screenshot taken
2019-05-15 17:51:22 INFO  vTiger:65 - login failed
2019-05-15 17:51:36 INFO  vTiger:65 - login passed
2019-05-15 17:51:47 INFO  vTiger:65 - Screenshot taken
2019-05-15 17:51:52 INFO  vTiger:65 - login passed
2019-05-15 17:52:03 INFO  vTiger:65 - Screenshot taken
2019-05-15 17:52:09 INFO  vTiger:65 - URL opened
2019-05-15 17:52:12 INFO  vTiger:65 - successfully logged in
2019-05-15 17:52:21 INFO  vTiger:65 - URL opened
2019-05-15 17:52:23 INFO  vTiger:65 - successfully logged in
2019-05-15 17:52:43 INFO  vTiger:65 - campaign created & test case passed
2019-05-15 17:52:53 INFO  vTiger:65 - campaign created & test case passed
2019-05-15 17:53:03 INFO  vTiger:65 - campaign created & test case passed
2019-05-15 17:53:12 INFO  vTiger:65 - campaign created & test case passed
2019-05-17 15:32:48 INFO  vTiger:65 - URL opened
2019-05-17 15:32:59 INFO  vTiger:65 - successfully logged in
2019-05-17 15:33:00 INFO  vTiger:65 - Screenshot taken
2019-05-17 15:33:00 INFO  vTiger:65 - login failed
2019-05-17 15:33:26 INFO  vTiger:65 - login passed
2019-05-17 15:33:38 INFO  vTiger:65 - Screenshot taken
2019-05-17 15:33:43 INFO  vTiger:65 - login passed
2019-05-17 15:33:54 INFO  vTiger:65 - Screenshot taken
2019-05-17 15:34:00 INFO  vTiger:65 - URL opened
2019-05-17 15:34:02 INFO  vTiger:65 - successfully logged in
2019-05-17 15:34:15 INFO  vTiger:65 - URL opened
2019-05-17 15:34:17 INFO  vTiger:65 - successfully logged in
2019-05-17 15:34:38 INFO  vTiger:65 - campaign created & test case passed
2019-05-17 15:34:48 INFO  vTiger:65 - campaign created & test case passed
2019-05-17 15:34:59 INFO  vTiger:65 - campaign created & test case passed
2019-05-17 15:35:08 INFO  vTiger:65 - campaign created & test case passed
2019-05-17 15:53:49 INFO  vTiger:65 - URL opened
2019-05-17 15:53:57 INFO  vTiger:65 - successfully logged in
2019-05-17 15:53:58 INFO  vTiger:65 - Screenshot taken
2019-05-17 15:53:58 INFO  vTiger:65 - login failed
2019-05-17 15:54:16 INFO  vTiger:65 - login passed
2019-05-17 15:54:27 INFO  vTiger:65 - Screenshot taken
2019-05-17 15:54:32 INFO  vTiger:65 - login passed
2019-05-17 15:54:44 INFO  vTiger:65 - Screenshot taken
2019-05-17 15:54:51 INFO  vTiger:65 - URL opened
2019-05-17 15:54:53 INFO  vTiger:65 - successfully logged in
2019-05-17 15:55:02 INFO  vTiger:65 - URL opened
2019-05-17 15:55:04 INFO  vTiger:65 - successfully logged in
2019-05-17 15:55:23 INFO  vTiger:65 - campaign created & test case passed
2019-05-17 15:55:32 INFO  vTiger:65 - campaign created & test case passed
2019-05-17 15:55:43 INFO  vTiger:65 - campaign created & test case passed
2019-05-17 15:55:54 INFO  vTiger:65 - campaign created & test case passed
2019-05-18 21:34:36 INFO  vTiger:65 - URL opened
2019-05-18 22:13:07 INFO  vTiger:65 - URL opened
2019-05-18 22:14:16 INFO  vTiger:65 - URL opened
2019-05-18 22:35:54 INFO  vTiger:65 - URL opened
2019-05-18 22:36:17 INFO  vTiger:65 - successfully logged in
2019-05-18 22:36:18 INFO  vTiger:65 - Screenshot taken
2019-05-18 22:36:18 INFO  vTiger:65 - login failed
2019-05-18 22:36:39 INFO  vTiger:65 - login passed
2019-05-18 22:36:51 INFO  vTiger:65 - Screenshot taken
2019-05-18 22:36:57 INFO  vTiger:65 - login passed
2019-05-18 22:37:08 INFO  vTiger:65 - Screenshot taken
2019-05-18 22:37:14 INFO  vTiger:65 - URL opened
2019-05-18 22:37:17 INFO  vTiger:65 - successfully logged in
2019-05-18 22:37:20 INFO  vTiger:65 - URL opened
2019-05-18 22:37:22 INFO  vTiger:65 - successfully logged in
2019-05-18 22:37:58 INFO  vTiger:65 - campaign created & test case passed
2019-05-18 22:38:09 INFO  vTiger:65 - campaign created & test case passed
2019-05-18 22:38:27 INFO  vTiger:65 - campaign created & test case passed
2019-05-18 22:38:38 INFO  vTiger:65 - campaign created & test case passed
2019-05-19 10:10:33 INFO  vTiger:65 - URL opened
2019-05-19 10:10:50 INFO  vTiger:65 - successfully logged in
2019-05-19 10:10:51 INFO  vTiger:65 - Screenshot taken
2019-05-19 10:10:51 INFO  vTiger:65 - login failed
2019-05-19 10:11:12 INFO  vTiger:65 - login passed
2019-05-19 10:11:24 INFO  vTiger:65 - Screenshot taken
2019-05-19 10:11:37 INFO  vTiger:65 - login passed
2019-05-19 10:11:49 INFO  vTiger:65 - Screenshot taken
2019-05-19 10:11:56 INFO  vTiger:65 - URL opened
2019-05-19 10:12:01 INFO  vTiger:65 - successfully logged in
2019-05-19 10:12:09 INFO  vTiger:65 - URL opened
2019-05-19 10:12:14 INFO  vTiger:65 - successfully logged in
2019-05-19 10:13:06 INFO  vTiger:65 - campaign created & test case passed
2019-05-19 10:13:20 INFO  vTiger:65 - campaign created & test case passed
2019-05-19 10:13:33 INFO  vTiger:65 - campaign created & test case passed
2019-05-19 10:13:44 INFO  vTiger:65 - campaign created & test case passed
2019-05-20 17:52:02 INFO  vTiger:65 - URL opened
2019-05-20 17:52:19 INFO  vTiger:65 - successfully logged in
2019-05-20 17:52:20 INFO  vTiger:65 - Screenshot taken
2019-05-20 17:52:20 INFO  vTiger:65 - login failed
2019-05-20 17:52:39 INFO  vTiger:65 - login passed
2019-05-20 17:52:50 INFO  vTiger:65 - Screenshot taken
2019-05-20 17:52:58 INFO  vTiger:65 - login passed
2019-05-20 17:53:10 INFO  vTiger:65 - Screenshot taken
2019-05-20 17:53:16 INFO  vTiger:65 - URL opened
2019-05-20 17:53:19 INFO  vTiger:65 - successfully logged in
2019-05-20 17:53:23 INFO  vTiger:65 - URL opened
2019-05-20 17:53:26 INFO  vTiger:65 - successfully logged in
2019-05-20 17:54:51 INFO  vTiger:65 - campaign created & test case passed
2019-05-20 17:55:11 INFO  vTiger:65 - campaign created & test case passed
2019-05-20 17:55:23 INFO  vTiger:65 - campaign created & test case passed
2019-05-20 17:55:36 INFO  vTiger:65 - campaign created & test case passed
